================================================================================
SES FORECAST LOG
Started: 2025-12-14 21:33:44
================================================================================

Python executable: C:\Users\User\AppData\Local\Programs\Python\Python313\python.exe
Script path: D:\tesis\ses_monthly_product_forecast_24m.py
Data path: D:\tesis\Data_Penjualan_Dengan_ID_Pelanggan.xlsx
Output directory: D:\tesis

Command: C:\Users\User\AppData\Local\Programs\Python\Python313\python.exe -u D:\tesis\ses_monthly_product_forecast_24m.py --file D:\tesis\Data_Penjualan_Dengan_ID_Pelanggan.xlsx --out D:\tesis --topk 5 --months 24 --minpts 6
Working directory: D:\tesis

================================================================================

PROCESS OUTPUT:

================================================================================

Process started with PID: 44156

[INFO] Kolom di Excel: ['Nomor Invoice', 'Tanggal Transaksi', 'Nama Pelanggan', 'ID Pelanggan', 'Instansi', 'Jenis Pembelian', 'Kota', 'ID-Produk', 'Nama Produk', 'Kategori', 'Bahan', 'Warna', 'Jumlah', 'Harga Satuan', 'Total Harga', 'Metode Pembayaran', 'Tanggal Kirim', 'Status Pengiriman', 'Nama Sales', 'Unnamed: 19', 'Unnamed: 20', 'Unnamed: 21', 'Unnamed: 22']
[OK] Kolom 'category' sudah ada dari mapping
Menghitung evaluasi metrik...
Evaluasi metrik disimpan: D:\tesis\ses_evaluation_metrics.csv
Rata-rata metrik evaluasi:
  MAE: 16.0976
  RMSE: 22.0131
  MAPE: 135.59%

============================================================
QUARTERLY AGGREGATION & BORDA COUNT RANKING (SES)
============================================================

=== Aggregating Monthly Data to Quarterly (SES) ===
Strategy: Group by Product + Category (Opsi A - Detail per category)
Years found: [np.int32(2025), np.int32(2026), np.int32(2027)]

Year 2025 - Quarters available: ['Q2', 'Q3', 'Q4']
  Q2: Top 5 products identified
    Rank 1: kursi kerja dp 301 tb (Stacking Series)... = 368.31
    Rank 2: kursi kerja br 205 ha (Secretary Series)... = 310.00
    Rank 3: kursi kerja dp 308 (Stacking Series)... = 208.00
    Rank 4: kursi kerja dp 301 (Stacking Series)... = 188.67
    Rank 5: kursi br 211 ca mesh (Secretary Series)... = 162.00
  Q3: Top 5 products identified
    Rank 1: kursi kerja dp 301 tb (Stacking Series)... = 552.47
    Rank 2: kursi kerja br 205 ha (Secretary Series)... = 465.00
    Rank 3: kursi auditorium ll 516 tb (Auditorium Series)... = 407.46
    Rank 4: kursi kerja dp 308 (Stacking Series)... = 312.00
    Rank 5: kursi br 211 ca mesh (Secretary Series)... = 243.00
  Q4: Top 5 products identified
    Rank 1: kursi kerja dp 301 tb (Stacking Series)... = 552.47
    Rank 2: kursi kerja br 205 ha (Secretary Series)... = 465.00
    Rank 3: kursi kerja dp 308 (Stacking Series)... = 312.00
    Rank 4: kursi auditorium ll 516 tb (Auditorium Series)... = 289.41
    Rank 5: kursi br 211 ca mesh (Secretary Series)... = 243.00

Year 2026 - Quarters available: ['Q1', 'Q2', 'Q3', 'Q4']
  Q1: Top 5 products identified
    Rank 1: kursi kerja dp 301 tb (Stacking Series)... = 552.47
    Rank 2: kursi kerja br 205 ha (Secretary Series)... = 465.00
    Rank 3: kursi kerja dp 308 (Stacking Series)... = 312.00
    Rank 4: kursi br 211 ca mesh (Secretary Series)... = 243.00
    Rank 5: kursi auditorium ll 517 tb (Auditorium Series)... = 240.00
  Q2: Top 5 products identified
    Rank 1: kursi kerja dp 301 tb (Stacking Series)... = 552.47
    Rank 2: kursi kerja br 205 ha (Secretary Series)... = 465.00
    Rank 3: kursi kerja dp 308 (Stacking Series)... = 312.00
    Rank 4: kursi auditorium ll 516 tb (Auditorium Series)... = 298.01
    Rank 5: kursi br 211 ca mesh (Secretary Series)... = 243.00
  Q3: Top 5 products identified
    Rank 1: kursi kerja dp 301 tb (Stacking Series)... = 552.47
    Rank 2: kursi auditorium ll 516 tb (Auditorium Series)... = 467.52
    Rank 3: kursi kerja br 205 ha (Secretary Series)... = 465.00
    Rank 4: kursi kerja dp 308 (Stacking Series)... = 312.00
    Rank 5: kursi br 211 ca mesh (Secretary Series)... = 243.00
  Q4: Top 5 products identified
    Rank 1: kursi kerja dp 301 tb (Stacking Series)... = 552.47
    Rank 2: kursi kerja br 205 ha (Secretary Series)... = 465.00
    Rank 3: kursi auditorium ll 516 tb (Auditorium Series)... = 348.58
    Rank 4: kursi kerja dp 308 (Stacking Series)... = 312.00
    Rank 5: kursi br 211 ca mesh (Secretary Series)... = 243.00

Year 2027 - Quarters available: ['Q1', 'Q2']
  Q1: Top 5 products identified
    Rank 1: kursi kerja dp 301 tb (Stacking Series)... = 552.47
    Rank 2: kursi kerja br 205 ha (Secretary Series)... = 465.00
    Rank 3: kursi kerja dp 308 (Stacking Series)... = 312.00
    Rank 4: kursi auditorium ll 516 tb (Auditorium Series)... = 281.96
    Rank 5: kursi br 211 ca mesh (Secretary Series)... = 243.00
  Q2: Top 5 products identified
    Rank 1: kursi kerja dp 301 tb (Stacking Series)... = 184.16
    Rank 2: kursi kerja br 205 ha (Secretary Series)... = 155.00
    Rank 3: kursi auditorium ll 516 tb (Auditorium Series)... = 147.00
    Rank 4: kursi kerja dp 308 (Stacking Series)... = 104.00
    Rank 5: kursi br 211 ca mesh (Secretary Series)... = 81.00

============================================================
Processing Year: 2025
============================================================

Quarterly rankings saved: D:\tesis\quarterly_top5_ses_2025.csv

=== Calculating Borda Count Ranking for 2025 (SES) ===
Strategy: Tracking product + category combinations (Opsi A)

Borda Count Results for 2025:
  #1: kursi kerja dp 301 tb (Stacking Series) - Score=15
  #2: kursi kerja br 205 ha (Secretary Series) - Score=12
  #3: kursi kerja dp 308 (Stacking Series) - Score=8
  #4: kursi auditorium ll 516 tb (Auditorium Series) - Score=5
  #5: kursi br 211 ca mesh (Secretary Series) - Score=3
Yearly Borda rankings saved: D:\tesis\yearly_top5_borda_ses_2025.csv

============================================================
Processing Year: 2026
============================================================

Quarterly rankings saved: D:\tesis\quarterly_top5_ses_2026.csv

=== Calculating Borda Count Ranking for 2026 (SES) ===
Strategy: Tracking product + category combinations (Opsi A)

Borda Count Results for 2026:
  #1: kursi kerja dp 301 tb (Stacking Series) - Score=20
  #2: kursi kerja br 205 ha (Secretary Series) - Score=15
  #3: kursi kerja dp 308 (Stacking Series) - Score=10
  #4: kursi auditorium ll 516 tb (Auditorium Series) - Score=9
  #5: kursi br 211 ca mesh (Secretary Series) - Score=5
Yearly Borda rankings saved: D:\tesis\yearly_top5_borda_ses_2026.csv

============================================================
Processing Year: 2027
============================================================

Quarterly rankings saved: D:\tesis\quarterly_top5_ses_2027.csv

=== Calculating Borda Count Ranking for 2027 (SES) ===
Strategy: Tracking product + category combinations (Opsi A)

Borda Count Results for 2027:
  #1: kursi kerja dp 301 tb (Stacking Series) - Score=10
  #2: kursi kerja br 205 ha (Secretary Series) - Score=8
  #3: kursi kerja dp 308 (Stacking Series) - Score=5
  #4: kursi auditorium ll 516 tb (Auditorium Series) - Score=5
  #5: kursi br 211 ca mesh (Secretary Series) - Score=2
Yearly Borda rankings saved: D:\tesis\yearly_top5_borda_ses_2027.csv

============================================================
GENERATING COMBINED VISUALIZATIONS (SES)
============================================================

=== Creating Combined Yearly Top-5 Plot (2025-2026) - SES ===
  Saved: forecast_plots\top5_yearly_ses.png

=== Creating Combined Quarterly Top-5 Plot (2025-2026) - SES ===
  Saved: forecast_plots\top5_quarterly_ses.png

=== Creating Combined Borda Count Process Visualization (2025-2026) - SES ===
  Saved: forecast_plots\borda_count_process_ses.png

============================================================
QUARTERLY AGGREGATION & VISUALIZATION COMPLETED (SES)
============================================================

Selesai! File disimpan:
 - D:\tesis\forecast_per_product_ses_24m.csv
 - D:\tesis\forecast_total_ses_24m.csv
 - D:\tesis\topN_per_month_ses_24m.csv
 - D:\tesis\ses_skipped_products.csv
 - D:\tesis\ses_evaluation_metrics.csv
 - forecast_plots\bulan\top5_grouped_24m_ses.png
 - forecast_plots\top5_yearly_ses.png
 - forecast_plots\top5_quarterly_ses.png
 - forecast_plots\borda_count_process_ses.png
